<?xml version="1.0" encoding="UTF-8"?>
<!-- Generated by org.testng.reporters.JUnitXMLReporter -->
<testsuite ignored="0" hostname="Manjusha" failures="0" tests="9" name="Test" time="0.105" errors="0" timestamp="2021-06-07T11:45:54 IST">
  <testcase classname="e_RunningTestClassesInOrderUsingXML.C" name="createC" time="0.011"/>
  <testcase classname="e_RunningTestClassesInOrderUsingXML.C" name="deleteC" time="0.004"/>
  <testcase classname="e_RunningTestClassesInOrderUsingXML.C" name="editC" time="0.004"/>
  <testcase classname="e_RunningTestClassesInOrderUsingXML.B" name="createB" time="0.001"/>
  <testcase classname="e_RunningTestClassesInOrderUsingXML.B" name="deleteB" time="0.003"/>
  <testcase classname="e_RunningTestClassesInOrderUsingXML.B" name="editB" time="0.001"/>
  <testcase classname="e_RunningTestClassesInOrderUsingXML.A" name="createA" time="0.002"/>
  <testcase classname="e_RunningTestClassesInOrderUsingXML.A" name="deleteA" time="0.002"/>
  <testcase classname="e_RunningTestClassesInOrderUsingXML.A" name="editA" time="0.001"/>
</testsuite> <!-- Test -->
