<?xml version="1.0" encoding="UTF-8"?>
<!-- Generated by org.testng.reporters.JUnitXMLReporter -->
<testsuite ignored="0" hostname="Manjusha" failures="0" tests="4" name="Default test" time="0.07" errors="0" timestamp="2021-06-03T12:02:27 IST">
  <testcase classname="b_TestRunSequencing.A_Priority" name="createCustomer" time="0.011"/>
  <testcase classname="b_TestRunSequencing.A_Priority" name="editCustomer" time="0.002"/>
  <testcase classname="b_TestRunSequencing.A_Priority" name="modifyCustomer" time="0.002"/>
  <testcase classname="b_TestRunSequencing.A_Priority" name="deleteCustomer" time="0.002"/>
</testsuite> <!-- Default test -->
