<?xml version="1.0" encoding="UTF-8"?>
<testng-results ignored="0" total="4" passed="4" failed="0" skipped="0">
  <reporter-output>
  </reporter-output>
  <suite started-at="2021-06-03T12:02:27 IST" name="Default suite" finished-at="2021-06-03T12:02:27 IST" duration-ms="70">
    <groups>
    </groups>
    <test started-at="2021-06-03T12:02:27 IST" name="Default test" finished-at="2021-06-03T12:02:27 IST" duration-ms="70">
      <class name="b_TestRunSequencing.A_Priority">
        <test-method signature="createCustomer()[pri:0, instance:b_TestRunSequencing.A_Priority@6193932a]" started-at="2021-06-03T12:02:27 IST" name="createCustomer" finished-at="2021-06-03T12:02:27 IST" duration-ms="11" status="PASS">
          <reporter-output>
          </reporter-output>
        </test-method> <!-- createCustomer -->
        <test-method signature="editCustomer()[pri:1, instance:b_TestRunSequencing.A_Priority@6193932a]" started-at="2021-06-03T12:02:27 IST" name="editCustomer" finished-at="2021-06-03T12:02:27 IST" duration-ms="2" status="PASS">
          <reporter-output>
          </reporter-output>
        </test-method> <!-- editCustomer -->
        <test-method signature="modifyCustomer()[pri:2, instance:b_TestRunSequencing.A_Priority@6193932a]" started-at="2021-06-03T12:02:27 IST" name="modifyCustomer" finished-at="2021-06-03T12:02:27 IST" duration-ms="2" status="PASS">
          <reporter-output>
          </reporter-output>
        </test-method> <!-- modifyCustomer -->
        <test-method signature="deleteCustomer()[pri:3, instance:b_TestRunSequencing.A_Priority@6193932a]" started-at="2021-06-03T12:02:27 IST" name="deleteCustomer" finished-at="2021-06-03T12:02:27 IST" duration-ms="2" status="PASS">
          <reporter-output>
          </reporter-output>
        </test-method> <!-- deleteCustomer -->
      </class> <!-- b_TestRunSequencing.A_Priority -->
    </test> <!-- Default test -->
  </suite> <!-- Default suite -->
</testng-results>
